<?xml version="1.0" encoding="UTF-8"?>
<!-- Generated by org.testng.reporters.JUnitReportReporter -->
<testsuite skipped="0" hostname="WKS56A" name="com.progrocers.TestCase.FunctionalTestCase" tests="2" failures="0" timestamp="12 Mar 2018 05:48:57 GMT" time="100.439" errors="0">
  <testcase name="brokenLinks" time="58.084" classname="com.progrocers.TestCase.FunctionalTestCase"/>
  <testcase name="searchAlgorithm" time="42.355" classname="com.progrocers.TestCase.FunctionalTestCase"/>
</testsuite> <!-- com.progrocers.TestCase.FunctionalTestCase -->
