<?xml version="1.0" encoding="UTF-8"?>
<!-- Generated by org.testng.reporters.JUnitReportReporter -->
<testsuite skipped="1" hostname="WKS56A" name="com.progrocers.TestCase.FunctionalTestCase" tests="3" failures="0" timestamp="12 Mar 2018 10:39:54 GMT" time="98.734" errors="0">
  <testcase name="brokenLinks" time="55.988" classname="com.progrocers.TestCase.FunctionalTestCase"/>
  <testcase name="searchAlgorithm" time="42.746" classname="com.progrocers.TestCase.FunctionalTestCase"/>
  <testcase name="createCustomer" time="0.000" classname="com.progrocers.TestCase.FunctionalTestCase">
    <skipped/>
  </testcase> <!-- createCustomer -->
</testsuite> <!-- com.progrocers.TestCase.FunctionalTestCase -->
